#
# There is insufficient memory for the Java Runtime Environment to continue.
# Native memory allocation (malloc) failed to allocate 293616 bytes for Chunk::new
# Possible reasons:
#   The system is out of physical RAM or swap space
#   The process is running with CompressedOops enabled, and the Java Heap may be blocking the growth of the native heap
# Possible solutions:
#   Reduce memory load on the system
#   Increase physical memory or swap space
#   Check if swap backing store is full
#   Decrease Java heap size (-Xmx/-Xms)
#   Decrease number of Java threads
#   Decrease Java thread stack sizes (-Xss)
#   Set larger code cache with -XX:ReservedCodeCacheSize=
#   JVM is running with Unscaled Compressed Oops mode in which the Java heap is
#     placed in the first 4GB address space. The Java Heap base address is the
#     maximum limit for the native heap growth. Please use -XX:HeapBaseMinAddress
#     to set the Java Heap base and to place the Java Heap above 4GB virtual address.
# This output file may be truncated or incomplete.
#
#  Out of Memory Error (arena.cpp:191), pid=16216, tid=13596
#
# JRE version: OpenJDK Runtime Environment Temurin-17.0.10+7 (17.0.10+7) (build 17.0.10+7)
# Java VM: OpenJDK 64-Bit Server VM Temurin-17.0.10+7 (17.0.10+7, mixed mode, tiered, compressed oops, compressed class ptrs, parallel gc, windows-amd64)
# No core dump will be written. Minidumps are not enabled by default on client versions of Windows
#

---------------  S U M M A R Y ------------

Command Line: --add-modules=ALL-SYSTEM --add-opens=java.base/java.util=ALL-UNNAMED --add-opens=java.base/java.lang=ALL-UNNAMED --add-opens=java.base/sun.nio.fs=ALL-UNNAMED -Declipse.application=org.eclipse.jdt.ls.core.id1 -Dosgi.bundles.defaultStartLevel=4 -Declipse.product=org.eclipse.jdt.ls.core.product -Djava.import.generatesMetadataFilesAtProjectRoot=false -DDetectVMInstallationsJob.disabled=true -Dfile.encoding=utf8 -XX:+UseParallelGC -XX:GCTimeRatio=4 -XX:AdaptiveSizePolicyWeight=90 -Dsun.zip.disableMemoryMapping=true -Xmx1G -Xms100m -Xlog:disable -javaagent:c:\Users\dell\.vscode\extensions\redhat.java-1.27.0-win32-x64\lombok\lombok-1.18.31.jar c:\Users\dell\.vscode\extensions\redhat.java-1.27.0-win32-x64\server\plugins\org.eclipse.equinox.launcher_1.6.700.v20231214-2017.jar -configuration c:\Users\dell\AppData\Roaming\Code\User\globalStorage\redhat.java\1.27.0\config_ss_win -data c:\Users\dell\AppData\Roaming\Code\User\workspaceStorage\83d6441a84df60c0fb0a32b810f8b814\redhat.java\ss_ws --stdio

Host: Intel(R) Core(TM) i5-6300U CPU @ 2.40GHz, 4 cores, 11G,  Windows 10 , 64 bit Build 19041 (10.0.19041.3636)
Time: Wed Feb 14 03:24:01 2024 Pakistan Standard Time elapsed time: 2.590499 seconds (0d 0h 0m 2s)

---------------  T H R E A D  ---------------

Current thread (0x00000291c58b0160):  JavaThread "C2 CompilerThread0" daemon [_thread_in_native, id=13596, stack(0x000000a0deb00000,0x000000a0dec00000)]


Current CompileTask:
C2:   2590  745       4       lombok.patcher.scripts.MethodLevelPatchScript::patch (21 bytes)

Stack: [0x000000a0deb00000,0x000000a0dec00000]
Native frames: (J=compiled Java code, j=interpreted, Vv=VM code, C=native code)
V  [jvm.dll+0x67d2c9]
V  [jvm.dll+0x834afa]
V  [jvm.dll+0x8365be]
V  [jvm.dll+0x836c23]
V  [jvm.dll+0x2477ff]
V  [jvm.dll+0xac514]
V  [jvm.dll+0xacb5c]
V  [jvm.dll+0x366782]
V  [jvm.dll+0x330bfa]
V  [jvm.dll+0x33009a]
V  [jvm.dll+0x219ef1]
V  [jvm.dll+0x219311]
V  [jvm.dll+0x1a502d]
V  [jvm.dll+0x2290de]
V  [jvm.dll+0x2272ac]
V  [jvm.dll+0x7e9bb7]
V  [jvm.dll+0x7e3fba]
V  [jvm.dll+0x67c1b5]
C  [ucrtbase.dll+0x21bb2]
C  [KERNEL32.DLL+0x17344]
C  [ntdll.dll+0x526b1]


---------------  P R O C E S S  ---------------

Threads class SMR info:
_java_thread_list=0x00000291cb1db050, length=13, elements={
0x00000291aface5e0, 0x00000291afb89d90, 0x00000291afb8b7c0, 0x00000291c58aa150,
0x00000291c58ad0f0, 0x00000291c58adc80, 0x00000291c58af560, 0x00000291c58b0160,
0x00000291caac4c00, 0x00000291caac58c0, 0x00000291afb31d80, 0x00000291cad38970,
0x00000291cb013500
}

Java Threads: ( => current thread )
  0x00000291aface5e0 JavaThread "main" [_thread_in_Java, id=7988, stack(0x000000a0de200000,0x000000a0de300000)]
  0x00000291afb89d90 JavaThread "Reference Handler" daemon [_thread_blocked, id=7520, stack(0x000000a0de500000,0x000000a0de600000)]
  0x00000291afb8b7c0 JavaThread "Finalizer" daemon [_thread_blocked, id=5572, stack(0x000000a0de600000,0x000000a0de700000)]
  0x00000291c58aa150 JavaThread "Signal Dispatcher" daemon [_thread_blocked, id=4088, stack(0x000000a0de700000,0x000000a0de800000)]
  0x00000291c58ad0f0 JavaThread "Attach Listener" daemon [_thread_blocked, id=3740, stack(0x000000a0de800000,0x000000a0de900000)]
  0x00000291c58adc80 JavaThread "Service Thread" daemon [_thread_blocked, id=18816, stack(0x000000a0de900000,0x000000a0dea00000)]
  0x00000291c58af560 JavaThread "Monitor Deflation Thread" daemon [_thread_blocked, id=14188, stack(0x000000a0dea00000,0x000000a0deb00000)]
=>0x00000291c58b0160 JavaThread "C2 CompilerThread0" daemon [_thread_in_native, id=13596, stack(0x000000a0deb00000,0x000000a0dec00000)]
  0x00000291caac4c00 JavaThread "C1 CompilerThread0" daemon [_thread_blocked, id=16528, stack(0x000000a0dec00000,0x000000a0ded00000)]
  0x00000291caac58c0 JavaThread "Sweeper thread" daemon [_thread_blocked, id=21772, stack(0x000000a0ded00000,0x000000a0dee00000)]
  0x00000291afb31d80 JavaThread "Common-Cleaner" daemon [_thread_blocked, id=16836, stack(0x000000a0dee00000,0x000000a0def00000)]
  0x00000291cad38970 JavaThread "Notification Thread" daemon [_thread_blocked, id=2396, stack(0x000000a0def00000,0x000000a0df000000)]
  0x00000291cb013500 JavaThread "C2 CompilerThread1" daemon [_thread_in_native, id=3456, stack(0x000000a0df100000,0x000000a0df200000)]

Other Threads:
  0x00000291c58760c0 VMThread "VM Thread" [stack: 0x000000a0de400000,0x000000a0de500000] [id=19164]
  0x00000291cad38e50 WatcherThread [stack: 0x000000a0df000000,0x000000a0df100000] [id=13328]
  0x00000291afae6200 GCTaskThread "GC Thread#0" [stack: 0x000000a0de300000,0x000000a0de400000] [id=13976]

Threads with active compile tasks:
C2 CompilerThread0     2626  745       4       lombok.patcher.scripts.MethodLevelPatchScript::patch (21 bytes)
C2 CompilerThread1     2626  756       4       java.util.HashMap::getNode (150 bytes)

VM state: not at safepoint (normal execution)

VM Mutex/Monitor currently owned by a thread: None

Heap address: 0x00000000c0000000, size: 1024 MB, Compressed Oops mode: 32-bit

CDS archive(s) not mapped
Compressed class space mapped at: 0x0000000100000000-0x0000000140000000, reserved size: 1073741824
Narrow klass base: 0x0000000000000000, Narrow klass shift: 3, Narrow klass range: 0x140000000

GC Precious Log:
 CPUs: 4 total, 4 available
 Memory: 11949M
 Large Page Support: Disabled
 NUMA Support: Disabled
 Compressed Oops: Enabled (32-bit)
 Alignments: Space 512K, Generation 512K, Heap 2M
 Heap Min Capacity: 100M
 Heap Initial Capacity: 100M
 Heap Max Capacity: 1G
 Pre-touch: Disabled
 Parallel Workers: 4

Heap:
 PSYoungGen      total 29696K, used 17968K [0x00000000eab00000, 0x00000000ecc00000, 0x0000000100000000)
  eden space 25600K, 70% used [0x00000000eab00000,0x00000000ebc8c0c0,0x00000000ec400000)
  from space 4096K, 0% used [0x00000000ec800000,0x00000000ec800000,0x00000000ecc00000)
  to   space 4096K, 0% used [0x00000000ec400000,0x00000000ec400000,0x00000000ec800000)
 ParOldGen       total 68608K, used 0K [0x00000000c0000000, 0x00000000c4300000, 0x00000000eab00000)
  object space 68608K, 0% used [0x00000000c0000000,0x00000000c0000000,0x00000000c4300000)
 Metaspace       used 9483K, committed 9536K, reserved 1114112K
  class space    used 938K, committed 960K, reserved 1048576K

Card table byte_map: [0x00000291c3170000,0x00000291c3380000] _byte_map_base: 0x00000291c2b70000

Marking Bits: (ParMarkBitMap*) 0x00007ffb5835d7d0
 Begin Bits: [0x00000291c34e0000, 0x00000291c44e0000)
 End Bits:   [0x00000291c44e0000, 0x00000291c54e0000)

Polling page: 0x00000291afb90000

Metaspace:

Usage:
  Non-class:      8.35 MB used.
      Class:    938.06 KB used.
       Both:      9.26 MB used.

Virtual space:
  Non-class space:       64.00 MB reserved,       8.38 MB ( 13%) committed,  1 nodes.
      Class space:        1.00 GB reserved,     960.00 KB ( <1%) committed,  1 nodes.
             Both:        1.06 GB reserved,       9.31 MB ( <1%) committed. 

Chunk freelists:
   Non-Class:  6.81 MB
       Class:  15.06 MB
        Both:  21.88 MB

MaxMetaspaceSize: unlimited
CompressedClassSpaceSize: 1.00 GB
Initial GC threshold: 21.00 MB
Current GC threshold: 21.00 MB
CDS: off
MetaspaceReclaimPolicy: balanced
 - commit_granule_bytes: 65536.
 - commit_granule_words: 8192.
 - virtual_space_node_default_size: 8388608.
 - enlarge_chunks_in_place: 1.
 - new_chunks_are_fully_committed: 0.
 - uncommit_free_chunks: 1.
 - use_allocation_guard: 0.
 - handle_deallocations: 1.


Internal statistics:

num_allocs_failed_limit: 0.
num_arena_births: 14.
num_arena_deaths: 0.
num_vsnodes_births: 2.
num_vsnodes_deaths: 0.
num_space_committed: 150.
num_space_uncommitted: 0.
num_chunks_returned_to_freelist: 0.
num_chunks_taken_from_freelist: 63.
num_chunk_merges: 0.
num_chunk_splits: 36.
num_chunks_enlarged: 28.
num_inconsistent_stats: 0.

CodeHeap 'non-profiled nmethods': size=120000Kb used=330Kb max_used=330Kb free=119669Kb
 bounds [0x00000291bba60000, 0x00000291bbcd0000, 0x00000291c2f90000]
CodeHeap 'profiled nmethods': size=120000Kb used=1218Kb max_used=1218Kb free=118781Kb
 bounds [0x00000291b3f90000, 0x00000291b4200000, 0x00000291bb4c0000]
CodeHeap 'non-nmethods': size=5760Kb used=1134Kb max_used=1165Kb free=4625Kb
 bounds [0x00000291bb4c0000, 0x00000291bb730000, 0x00000291bba60000]
 total_blobs=1179 nmethods=754 adapters=340
 compilation: enabled
              stopped_count=0, restarted_count=0
 full_count=0

Compilation events (20 events):
Event: 2.522 Thread 0x00000291caac4c00 nmethod 737 0x00000291b40b3d10 code [0x00000291b40b3f20, 0x00000291b40b45d8]
Event: 2.522 Thread 0x00000291caac4c00  736       3       java.util.ArrayList::elementData (7 bytes)
Event: 2.522 Thread 0x00000291caac4c00 nmethod 736 0x00000291b40b4810 code [0x00000291b40b49a0, 0x00000291b40b4ad8]
Event: 2.522 Thread 0x00000291caac4c00  738       3       java.util.Hashtable::addEntry (87 bytes)
Event: 2.523 Thread 0x00000291caac4c00 nmethod 738 0x00000291b40b4b90 code [0x00000291b40b4d60, 0x00000291b40b5378]
Event: 2.523 Thread 0x00000291caac4c00  739       3       java.util.Hashtable$Entry::<init> (26 bytes)
Event: 2.523 Thread 0x00000291caac4c00 nmethod 739 0x00000291b40b5610 code [0x00000291b40b57a0, 0x00000291b40b5958]
Event: 2.523 Thread 0x00000291caac4c00  740       3       sun.security.util.SignatureFileVerifier::updateSigners (132 bytes)
Event: 2.524 Thread 0x00000291caac4c00 nmethod 740 0x00000291b40b5a10 code [0x00000291b40b5cc0, 0x00000291b40b6c18]
Event: 2.524 Thread 0x00000291caac4c00  741       3       sun.security.util.SignatureFileVerifier::matches (93 bytes)
Event: 2.526 Thread 0x00000291caac4c00 nmethod 741 0x00000291b40b7290 code [0x00000291b40b74c0, 0x00000291b40b7d78]
Event: 2.534 Thread 0x00000291c58b0160  742       4       java.util.concurrent.ConcurrentHashMap::get (162 bytes)
Event: 2.539 Thread 0x00000291c58b0160 nmethod 742 0x00000291bbaaeb10 code [0x00000291bbaaeca0, 0x00000291bbaaefb8]
Event: 2.540 Thread 0x00000291caac4c00  743       3       jdk.internal.reflect.ClassFileAssembler::emitByte (11 bytes)
Event: 2.540 Thread 0x00000291caac4c00 nmethod 743 0x00000291b40b8090 code [0x00000291b40b8240, 0x00000291b40b83c8]
Event: 2.540 Thread 0x00000291caac4c00  744       3       jdk.internal.reflect.ByteVectorImpl::add (38 bytes)
Event: 2.541 Thread 0x00000291caac4c00 nmethod 744 0x00000291b40b8510 code [0x00000291b40b86c0, 0x00000291b40b8888]
Event: 2.543 Thread 0x00000291c58b0160  745       4       lombok.patcher.scripts.MethodLevelPatchScript::patch (21 bytes)
Event: 2.545 Thread 0x00000291cb013500 nmethod 733 0x00000291bbaaf290 code [0x00000291bbaaf440, 0x00000291bbaaff18]
Event: 2.545 Thread 0x00000291cb013500  746       4       lombok.patcher.PatchScript::classMatches (41 bytes)

GC Heap History (0 events):
No events

Dll operation events (8 events):
Event: 0.081 Loaded shared library c:\Users\dell\.vscode\extensions\redhat.java-1.27.0-win32-x64\jre\17.0.10-win32-x86_64\bin\java.dll
Event: 0.637 Loaded shared library c:\Users\dell\.vscode\extensions\redhat.java-1.27.0-win32-x64\jre\17.0.10-win32-x86_64\bin\zip.dll
Event: 0.641 Loaded shared library C:\Users\dell\.vscode\extensions\redhat.java-1.27.0-win32-x64\jre\17.0.10-win32-x86_64\bin\instrument.dll
Event: 0.711 Loaded shared library C:\Users\dell\.vscode\extensions\redhat.java-1.27.0-win32-x64\jre\17.0.10-win32-x86_64\bin\net.dll
Event: 0.714 Loaded shared library C:\Users\dell\.vscode\extensions\redhat.java-1.27.0-win32-x64\jre\17.0.10-win32-x86_64\bin\nio.dll
Event: 0.724 Loaded shared library C:\Users\dell\.vscode\extensions\redhat.java-1.27.0-win32-x64\jre\17.0.10-win32-x86_64\bin\zip.dll
Event: 0.787 Loaded shared library C:\Users\dell\.vscode\extensions\redhat.java-1.27.0-win32-x64\jre\17.0.10-win32-x86_64\bin\jimage.dll
Event: 0.935 Loaded shared library c:\Users\dell\.vscode\extensions\redhat.java-1.27.0-win32-x64\jre\17.0.10-win32-x86_64\bin\verify.dll

Deoptimization events (20 events):
Event: 2.521 Thread 0x00000291aface5e0 DEOPT PACKING pc=0x00000291b4065bb2 sp=0x000000a0de2fe7b0
Event: 2.521 Thread 0x00000291aface5e0 DEOPT UNPACKING pc=0x00000291bb516e43 sp=0x000000a0de2fdc08 mode 0
Event: 2.527 Thread 0x00000291aface5e0 DEOPT PACKING pc=0x00000291b4065bb2 sp=0x000000a0de2fea90
Event: 2.527 Thread 0x00000291aface5e0 DEOPT UNPACKING pc=0x00000291bb516e43 sp=0x000000a0de2fdee8 mode 0
Event: 2.527 Thread 0x00000291aface5e0 DEOPT PACKING pc=0x00000291b4065bb2 sp=0x000000a0de2fea90
Event: 2.527 Thread 0x00000291aface5e0 DEOPT UNPACKING pc=0x00000291bb516e43 sp=0x000000a0de2fdee8 mode 0
Event: 2.527 Thread 0x00000291aface5e0 DEOPT PACKING pc=0x00000291b4065ada sp=0x000000a0de2fea90
Event: 2.528 Thread 0x00000291aface5e0 DEOPT UNPACKING pc=0x00000291bb516e43 sp=0x000000a0de2fdee8 mode 0
Event: 2.528 Thread 0x00000291aface5e0 DEOPT PACKING pc=0x00000291b4065ada sp=0x000000a0de2fea90
Event: 2.528 Thread 0x00000291aface5e0 DEOPT UNPACKING pc=0x00000291bb516e43 sp=0x000000a0de2fdee8 mode 0
Event: 2.529 Thread 0x00000291aface5e0 DEOPT PACKING pc=0x00000291b4065ada sp=0x000000a0de2fea90
Event: 2.529 Thread 0x00000291aface5e0 DEOPT UNPACKING pc=0x00000291bb516e43 sp=0x000000a0de2fdee8 mode 0
Event: 2.529 Thread 0x00000291aface5e0 DEOPT PACKING pc=0x00000291b4065bb2 sp=0x000000a0de2fea90
Event: 2.529 Thread 0x00000291aface5e0 DEOPT UNPACKING pc=0x00000291bb516e43 sp=0x000000a0de2fdee8 mode 0
Event: 2.529 Thread 0x00000291aface5e0 DEOPT PACKING pc=0x00000291b4065bb2 sp=0x000000a0de2fea90
Event: 2.529 Thread 0x00000291aface5e0 DEOPT UNPACKING pc=0x00000291bb516e43 sp=0x000000a0de2fdee8 mode 0
Event: 2.529 Thread 0x00000291aface5e0 DEOPT PACKING pc=0x00000291b4065bb2 sp=0x000000a0de2fea90
Event: 2.529 Thread 0x00000291aface5e0 DEOPT UNPACKING pc=0x00000291bb516e43 sp=0x000000a0de2fdee8 mode 0
Event: 2.530 Thread 0x00000291aface5e0 DEOPT PACKING pc=0x00000291b4065bb2 sp=0x000000a0de2fea90
Event: 2.530 Thread 0x00000291aface5e0 DEOPT UNPACKING pc=0x00000291bb516e43 sp=0x000000a0de2fdee8 mode 0

Classes unloaded (0 events):
No events

Classes redefined (0 events):
No events

Internal exceptions (10 events):
Event: 0.566 Thread 0x00000291aface5e0 Exception <a 'java/lang/NoSuchMethodError'{0x00000000eacb4c60}: 'void java.lang.invoke.DirectMethodHandle$Holder.invokeStatic(java.lang.Object, java.lang.Object, java.lang.Object)'> (0x00000000eacb4c60) 
thrown [s\src\hotspot\share\interpreter\linkResolver.cpp, line 759]
Event: 1.046 Thread 0x00000291aface5e0 Exception <a 'java/lang/reflect/InvocationTargetException'{0x00000000eafe5db0}> (0x00000000eafe5db0) 
thrown [s\src\hotspot\share\runtime\reflection.cpp, line 1121]
Event: 2.102 Thread 0x00000291aface5e0 Exception <a 'java/lang/ClassNotFoundException'{0x00000000eb846180}: sun/net/www/protocol/c/Handler> (0x00000000eb846180) 
thrown [s\src\hotspot\share\classfile\systemDictionary.cpp, line 256]
Event: 2.127 Thread 0x00000291aface5e0 Exception <a 'java/io/FileNotFoundException'{0x00000000eb85dd10}> (0x00000000eb85dd10) 
thrown [s\src\hotspot\share\prims\jni.cpp, line 516]
Event: 2.130 Thread 0x00000291aface5e0 Exception <a 'java/io/FileNotFoundException'{0x00000000eb85ea20}> (0x00000000eb85ea20) 
thrown [s\src\hotspot\share\prims\jni.cpp, line 516]
Event: 2.130 Thread 0x00000291aface5e0 Exception <a 'java/io/FileNotFoundException'{0x00000000eb85f710}> (0x00000000eb85f710) 
thrown [s\src\hotspot\share\prims\jni.cpp, line 516]
Event: 2.131 Thread 0x00000291aface5e0 Exception <a 'java/io/FileNotFoundException'{0x00000000eb8603d0}> (0x00000000eb8603d0) 
thrown [s\src\hotspot\share\prims\jni.cpp, line 516]
Event: 2.138 Thread 0x00000291aface5e0 Implicit null exception at 0x00000291bba84a72 to 0x00000291bba84fc0
Event: 2.138 Thread 0x00000291aface5e0 Implicit null exception at 0x00000291bba85672 to 0x00000291bba85bd4
Event: 2.145 Thread 0x00000291aface5e0 Exception <a 'java/io/FileNotFoundException'{0x00000000eb89aca8}> (0x00000000eb89aca8) 
thrown [s\src\hotspot\share\prims\jni.cpp, line 516]

VM Operations (10 events):
Event: 0.576 Executing VM operation: HandshakeAllThreads
Event: 0.577 Executing VM operation: HandshakeAllThreads done
Event: 0.814 Executing VM operation: HandshakeAllThreads
Event: 0.814 Executing VM operation: HandshakeAllThreads done
Event: 1.828 Executing VM operation: Cleanup
Event: 1.874 Executing VM operation: Cleanup done
Event: 2.031 Executing VM operation: HandshakeAllThreads
Event: 2.032 Executing VM operation: HandshakeAllThreads done
Event: 2.071 Executing VM operation: HandshakeAllThreads
Event: 2.071 Executing VM operation: HandshakeAllThreads done

Events (20 events):
Event: 2.538 loading class jdk/internal/reflect/ClassFileConstants done
Event: 2.538 loading class jdk/internal/reflect/AccessorGenerator done
Event: 2.538 loading class jdk/internal/reflect/MethodAccessorGenerator done
Event: 2.539 loading class jdk/internal/reflect/ByteVectorFactory
Event: 2.539 loading class jdk/internal/reflect/ByteVectorFactory done
Event: 2.539 loading class jdk/internal/reflect/ByteVectorImpl
Event: 2.539 loading class jdk/internal/reflect/ByteVector
Event: 2.539 loading class jdk/internal/reflect/ByteVector done
Event: 2.539 loading class jdk/internal/reflect/ByteVectorImpl done
Event: 2.539 loading class jdk/internal/reflect/ClassFileAssembler
Event: 2.539 loading class jdk/internal/reflect/ClassFileAssembler done
Event: 2.539 loading class jdk/internal/reflect/UTF8
Event: 2.540 loading class jdk/internal/reflect/UTF8 done
Event: 2.541 loading class jdk/internal/reflect/Label
Event: 2.541 loading class jdk/internal/reflect/Label done
Event: 2.541 loading class jdk/internal/reflect/Label$PatchInfo
Event: 2.542 loading class jdk/internal/reflect/Label$PatchInfo done
Event: 2.543 loading class jdk/internal/reflect/MethodAccessorGenerator$1
Event: 2.544 loading class jdk/internal/reflect/MethodAccessorGenerator$1 done
Event: 2.545 loading class jdk/internal/reflect/ClassDefiner


Dynamic libraries:
0x00007ff6110b0000 - 0x00007ff6110be000 	c:\Users\dell\.vscode\extensions\redhat.java-1.27.0-win32-x64\jre\17.0.10-win32-x86_64\bin\java.exe
0x00007ffbb5db0000 - 0x00007ffbb5fa8000 	C:\Windows\SYSTEM32\ntdll.dll
0x00007ffbb48f0000 - 0x00007ffbb49ad000 	C:\Windows\System32\KERNEL32.DLL
0x00007ffbb3720000 - 0x00007ffbb3a16000 	C:\Windows\System32\KERNELBASE.dll
0x00007ffbb3480000 - 0x00007ffbb3580000 	C:\Windows\System32\ucrtbase.dll
0x00007ffb8c660000 - 0x00007ffb8c677000 	c:\Users\dell\.vscode\extensions\redhat.java-1.27.0-win32-x64\jre\17.0.10-win32-x86_64\bin\jli.dll
0x00007ffbb5710000 - 0x00007ffbb58ae000 	C:\Windows\System32\USER32.dll
0x00007ffbb3ab0000 - 0x00007ffbb3ad2000 	C:\Windows\System32\win32u.dll
0x00007ffbb5950000 - 0x00007ffbb597c000 	C:\Windows\System32\GDI32.dll
0x00007ffbb3c40000 - 0x00007ffbb3d5a000 	C:\Windows\System32\gdi32full.dll
0x00007ffbb3d60000 - 0x00007ffbb3dfd000 	C:\Windows\System32\msvcp_win.dll
0x00007ffb8b8a0000 - 0x00007ffb8b8bb000 	c:\Users\dell\.vscode\extensions\redhat.java-1.27.0-win32-x64\jre\17.0.10-win32-x86_64\bin\VCRUNTIME140.dll
0x00007ffb943f0000 - 0x00007ffb9468a000 	C:\Windows\WinSxS\amd64_microsoft.windows.common-controls_6595b64144ccf1df_6.0.19041.3636_none_60b6a03d71f818d5\COMCTL32.dll
0x00007ffbb5670000 - 0x00007ffbb570e000 	C:\Windows\System32\msvcrt.dll
0x00007ffbb4270000 - 0x00007ffbb42a0000 	C:\Windows\System32\IMM32.DLL
0x00007ffbacc60000 - 0x00007ffbacc6c000 	c:\Users\dell\.vscode\extensions\redhat.java-1.27.0-win32-x64\jre\17.0.10-win32-x86_64\bin\vcruntime140_1.dll
0x00007ffb85960000 - 0x00007ffb859ed000 	c:\Users\dell\.vscode\extensions\redhat.java-1.27.0-win32-x64\jre\17.0.10-win32-x86_64\bin\msvcp140.dll
0x00007ffb577c0000 - 0x00007ffb58422000 	c:\Users\dell\.vscode\extensions\redhat.java-1.27.0-win32-x64\jre\17.0.10-win32-x86_64\bin\server\jvm.dll
0x00007ffbb5250000 - 0x00007ffbb5303000 	C:\Windows\System32\ADVAPI32.dll
0x00007ffbb4850000 - 0x00007ffbb48ef000 	C:\Windows\System32\sechost.dll
0x00007ffbb4710000 - 0x00007ffbb4836000 	C:\Windows\System32\RPCRT4.dll
0x00007ffbb36f0000 - 0x00007ffbb3717000 	C:\Windows\System32\bcrypt.dll
0x00007ffbb32e0000 - 0x00007ffbb332b000 	C:\Windows\SYSTEM32\POWRPROF.dll
0x00007ffbaa370000 - 0x00007ffbaa379000 	C:\Windows\SYSTEM32\WSOCK32.dll
0x00007ffbb4a90000 - 0x00007ffbb4afb000 	C:\Windows\System32\WS2_32.dll
0x00007ffb9f2d0000 - 0x00007ffb9f2f7000 	C:\Windows\SYSTEM32\WINMM.dll
0x00007ffbaa650000 - 0x00007ffbaa65a000 	C:\Windows\SYSTEM32\VERSION.dll
0x00007ffbb32c0000 - 0x00007ffbb32d2000 	C:\Windows\SYSTEM32\UMPDC.dll
0x00007ffbb1cc0000 - 0x00007ffbb1cd2000 	C:\Windows\SYSTEM32\kernel.appcore.dll
0x00007ffbac2c0000 - 0x00007ffbac2ca000 	c:\Users\dell\.vscode\extensions\redhat.java-1.27.0-win32-x64\jre\17.0.10-win32-x86_64\bin\jimage.dll
0x00007ffbb09f0000 - 0x00007ffbb0bd4000 	C:\Windows\SYSTEM32\DBGHELP.DLL
0x00007ffb9f170000 - 0x00007ffb9f1a4000 	C:\Windows\SYSTEM32\dbgcore.DLL
0x00007ffbb3a20000 - 0x00007ffbb3aa2000 	C:\Windows\System32\bcryptPrimitives.dll
0x00007ffbaba40000 - 0x00007ffbaba4e000 	c:\Users\dell\.vscode\extensions\redhat.java-1.27.0-win32-x64\jre\17.0.10-win32-x86_64\bin\instrument.dll
0x00007ffb8a7b0000 - 0x00007ffb8a7d5000 	c:\Users\dell\.vscode\extensions\redhat.java-1.27.0-win32-x64\jre\17.0.10-win32-x86_64\bin\java.dll
0x00007ffb89b30000 - 0x00007ffb89b48000 	c:\Users\dell\.vscode\extensions\redhat.java-1.27.0-win32-x64\jre\17.0.10-win32-x86_64\bin\zip.dll
0x00007ffbb4b00000 - 0x00007ffbb5245000 	C:\Windows\System32\SHELL32.dll
0x00007ffbb1440000 - 0x00007ffbb1bdb000 	C:\Windows\SYSTEM32\windows.storage.dll
0x00007ffbb3f10000 - 0x00007ffbb4264000 	C:\Windows\System32\combase.dll
0x00007ffbb2de0000 - 0x00007ffbb2e0d000 	C:\Windows\SYSTEM32\Wldp.dll
0x00007ffbb3e00000 - 0x00007ffbb3ead000 	C:\Windows\System32\SHCORE.dll
0x00007ffbb3eb0000 - 0x00007ffbb3f05000 	C:\Windows\System32\shlwapi.dll
0x00007ffbb33b0000 - 0x00007ffbb33d5000 	C:\Windows\SYSTEM32\profapi.dll
0x00007ffb897d0000 - 0x00007ffb897e9000 	C:\Users\dell\.vscode\extensions\redhat.java-1.27.0-win32-x64\jre\17.0.10-win32-x86_64\bin\net.dll
0x00007ffba2d20000 - 0x00007ffba2e2a000 	C:\Windows\SYSTEM32\WINHTTP.dll
0x00007ffbb2b40000 - 0x00007ffbb2baa000 	C:\Windows\system32\mswsock.dll
0x00007ffb87720000 - 0x00007ffb87736000 	C:\Users\dell\.vscode\extensions\redhat.java-1.27.0-win32-x64\jre\17.0.10-win32-x86_64\bin\nio.dll
0x00007ffba9880000 - 0x00007ffba9890000 	c:\Users\dell\.vscode\extensions\redhat.java-1.27.0-win32-x64\jre\17.0.10-win32-x86_64\bin\verify.dll

dbghelp: loaded successfully - version: 4.0.5 - missing functions: none
symbol engine: initialized successfully - sym options: 0x614 - pdb path: .;c:\Users\dell\.vscode\extensions\redhat.java-1.27.0-win32-x64\jre\17.0.10-win32-x86_64\bin;C:\Windows\SYSTEM32;C:\Windows\WinSxS\amd64_microsoft.windows.common-controls_6595b64144ccf1df_6.0.19041.3636_none_60b6a03d71f818d5;c:\Users\dell\.vscode\extensions\redhat.java-1.27.0-win32-x64\jre\17.0.10-win32-x86_64\bin\server

VM Arguments:
jvm_args: --add-modules=ALL-SYSTEM --add-opens=java.base/java.util=ALL-UNNAMED --add-opens=java.base/java.lang=ALL-UNNAMED --add-opens=java.base/sun.nio.fs=ALL-UNNAMED -Declipse.application=org.eclipse.jdt.ls.core.id1 -Dosgi.bundles.defaultStartLevel=4 -Declipse.product=org.eclipse.jdt.ls.core.product -Djava.import.generatesMetadataFilesAtProjectRoot=false -DDetectVMInstallationsJob.disabled=true -Dfile.encoding=utf8 -XX:+UseParallelGC -XX:GCTimeRatio=4 -XX:AdaptiveSizePolicyWeight=90 -Dsun.zip.disableMemoryMapping=true -Xmx1G -Xms100m -Xlog:disable -javaagent:c:\Users\dell\.vscode\extensions\redhat.java-1.27.0-win32-x64\lombok\lombok-1.18.31.jar 
java_command: c:\Users\dell\.vscode\extensions\redhat.java-1.27.0-win32-x64\server\plugins\org.eclipse.equinox.launcher_1.6.700.v20231214-2017.jar -configuration c:\Users\dell\AppData\Roaming\Code\User\globalStorage\redhat.java\1.27.0\config_ss_win -data c:\Users\dell\AppData\Roaming\Code\User\workspaceStorage\83d6441a84df60c0fb0a32b810f8b814\redhat.java\ss_ws --stdio
java_class_path (initial): c:\Users\dell\.vscode\extensions\redhat.java-1.27.0-win32-x64\server\plugins\org.eclipse.equinox.launcher_1.6.700.v20231214-2017.jar
Launcher Type: SUN_STANDARD

[Global flags]
    uintx AdaptiveSizePolicyWeight                 = 90                                        {product} {command line}
     intx CICompilerCount                          = 3                                         {product} {ergonomic}
    uintx GCTimeRatio                              = 4                                         {product} {command line}
   size_t InitialHeapSize                          = 104857600                                 {product} {command line}
   size_t MaxHeapSize                              = 1073741824                                {product} {command line}
   size_t MaxNewSize                               = 357564416                                 {product} {ergonomic}
   size_t MinHeapDeltaBytes                        = 524288                                    {product} {ergonomic}
   size_t MinHeapSize                              = 104857600                                 {product} {command line}
   size_t NewSize                                  = 34603008                                  {product} {ergonomic}
    uintx NonNMethodCodeHeapSize                   = 5832780                                {pd product} {ergonomic}
    uintx NonProfiledCodeHeapSize                  = 122912730                              {pd product} {ergonomic}
   size_t OldSize                                  = 70254592                                  {product} {ergonomic}
    uintx ProfiledCodeHeapSize                     = 122912730                              {pd product} {ergonomic}
    uintx ReservedCodeCacheSize                    = 251658240                              {pd product} {ergonomic}
     bool SegmentedCodeCache                       = true                                      {product} {ergonomic}
   size_t SoftMaxHeapSize                          = 1073741824                             {manageable} {ergonomic}
     bool UseCompressedClassPointers               = true                           {product lp64_product} {ergonomic}
     bool UseCompressedOops                        = true                           {product lp64_product} {ergonomic}
     bool UseLargePagesIndividualAllocation        = false                                  {pd product} {ergonomic}
     bool UseParallelGC                            = true                                      {product} {command line}

Logging:
Log output configuration:
 #0: stdout all=off uptime,level,tags
 #1: stderr all=off uptime,level,tags

Environment Variables:
JAVA_HOME=C:\Program Files\Microsoft\jdk-11.0.20.8-hotspot\
PATH=C:\Program Files\Microsoft\jdk-11.0.20.8-hotspot\bin;C:\Python312\Scripts\;C:\Python312\;C:\Python311\Scripts\;C:\Python311\;C:\Program Files\Common Files\Oracle\Java\javapath;C:\Windows\system32;C:\Windows;C:\Windows\System32\Wbem;C:\Windows\System32\WindowsPowerShell\v1.0\;C:\Windows\System32\OpenSSH\;C:\Program Files\dotnet\;C:\Program Files\Git\cmd;C:\Program Files\MongoDB\Server\6.0\bin;C:\mongosh-1.8.0-win32-x64\bin;C:\ProgramData\chocolatey\bin;C:\Program Files\Microsoft\jdk-11.0.20.8-hotspot\\bin;C:\Program Files\nodejs\;C:\Users\dell\AppData\Local\Microsoft\WindowsApps;C:\Users\dell\AppData\Local\GitHubDesktop\bin;C:\Users\dell\AppData\Local\Programs\Microsoft VS Code\bin;C:\Users\dell\AppData\Roaming\npm;D:\Android\Sdk\platform-tools
USERNAME=dell
OS=Windows_NT
PROCESSOR_IDENTIFIER=Intel64 Family 6 Model 78 Stepping 3, GenuineIntel
TMP=C:\Users\dell\AppData\Local\Temp
TEMP=C:\Users\dell\AppData\Local\Temp



Periodic native trim disabled


---------------  S Y S T E M  ---------------

OS:
 Windows 10 , 64 bit Build 19041 (10.0.19041.3636)
OS uptime: 24 days 0:54 hours

CPU: total 4 (initial active 4) (2 cores per cpu, 2 threads per core) family 6 model 78 stepping 3 microcode 0xd6, cx8, cmov, fxsr, ht, mmx, 3dnowpref, sse, sse2, sse3, ssse3, sse4.1, sse4.2, popcnt, lzcnt, tsc, tscinvbit, avx, avx2, aes, erms, clmul, bmi1, bmi2, rtm, adx, fma, vzeroupper, clflush, clflushopt
Processor Information for all 4 processors :
  Max Mhz: 2501, Current Mhz: 2501, Mhz Limit: 2501

Memory: 4k page, system-wide physical 11949M (422M free)
TotalPageFile size 24380M (AvailPageFile size 3M)
current process WorkingSet (physical memory assigned to process): 62M, peak: 62M
current process commit charge ("private bytes"): 184M, peak: 185M

vm_info: OpenJDK 64-Bit Server VM (17.0.10+7) for windows-amd64 JRE (17.0.10+7), built on Jan 16 2024 23:25:11 by "admin" with MS VC++ 16.10 / 16.11 (VS2019)

END.
